<?xml version="1.0" encoding="UTF-8"?>
<!-- Generated by org.testng.reporters.JUnitXMLReporter -->
<testsuite hostname="basejump" name="Default test" tests="5" failures="0" timestamp="11 Dec 2014 00:54:42 GMT" time="0.281" errors="0">
  <testcase name="createRepository" time="0.031" classname="com.carbonldp.repository.services.LocalRepositoryServiceIT"/>
  <testcase name="deleteRepository" time="0.031" classname="com.carbonldp.repository.services.LocalRepositoryServiceIT"/>
  <testcase name="getReadTransactionTemplate" time="0.0" classname="com.carbonldp.repository.services.LocalRepositoryServiceIT"/>
  <testcase name="getWriteTransactionTemplate" time="0.0" classname="com.carbonldp.repository.services.LocalRepositoryServiceIT"/>
  <testcase name="repositoryExists" time="0.0" classname="com.carbonldp.repository.services.LocalRepositoryServiceIT"/>
</testsuite> <!-- Default test -->
