<?xml version="1.0" encoding="UTF-8"?>
<testng-results skipped="0" failed="0" total="5" passed="5">
  <reporter-output>
  </reporter-output>
  <suite name="Default suite" duration-ms="281" started-at="2014-12-11T00:54:42Z" finished-at="2014-12-11T00:54:42Z">
    <groups>
    </groups>
    <test name="Default test" duration-ms="281" started-at="2014-12-11T00:54:42Z" finished-at="2014-12-11T00:54:42Z">
      <class name="com.carbonldp.repository.services.LocalRepositoryServiceIT">
        <test-method status="PASS" signature="springTestContextPrepareTestInstance()[pri:0, instance:com.carbonldp.repository.services.LocalRepositoryServiceIT@1fa0f19]" name="springTestContextPrepareTestInstance" is-config="true" duration-ms="1888" started-at="2014-12-10T18:54:40Z" finished-at="2014-12-10T18:54:42Z">
          <reporter-output>
          </reporter-output>
        </test-method> <!-- springTestContextPrepareTestInstance -->
        <test-method status="PASS" signature="setRepository()[pri:0, instance:com.carbonldp.repository.services.LocalRepositoryServiceIT@1fa0f19]" name="setRepository" is-config="true" duration-ms="156" started-at="2014-12-10T18:54:42Z" finished-at="2014-12-10T18:54:42Z">
          <reporter-output>
          </reporter-output>
        </test-method> <!-- setRepository -->
        <test-method status="PASS" signature="springTestContextBeforeTestClass()[pri:0, instance:com.carbonldp.repository.services.LocalRepositoryServiceIT@1fa0f19]" name="springTestContextBeforeTestClass" is-config="true" duration-ms="0" started-at="2014-12-10T18:54:42Z" finished-at="2014-12-10T18:54:42Z">
          <reporter-output>
          </reporter-output>
        </test-method> <!-- springTestContextBeforeTestClass -->
        <test-method status="PASS" signature="tearDummyRepository()[pri:0, instance:com.carbonldp.repository.services.LocalRepositoryServiceIT@1fa0f19]" name="tearDummyRepository" is-config="true" duration-ms="0" started-at="2014-12-10T18:54:42Z" finished-at="2014-12-10T18:54:42Z">
          <reporter-output>
          </reporter-output>
        </test-method> <!-- tearDummyRepository -->
        <test-method status="PASS" signature="createRepository()[pri:0, instance:com.carbonldp.repository.services.LocalRepositoryServiceIT@1fa0f19]" name="createRepository" duration-ms="31" started-at="2014-12-10T18:54:42Z" finished-at="2014-12-10T18:54:42Z">
          <reporter-output>
          </reporter-output>
        </test-method> <!-- createRepository -->
        <test-method status="PASS" signature="springTestContextBeforeTestMethod(java.lang.reflect.Method)[pri:0, instance:com.carbonldp.repository.services.LocalRepositoryServiceIT@1fa0f19]" name="springTestContextBeforeTestMethod" is-config="true" duration-ms="0" started-at="2014-12-10T18:54:42Z" finished-at="2014-12-10T18:54:42Z">
          <params>
            <param index="0">
              <value>
                <![CDATA[public void com.carbonldp.repository.services.LocalRepositoryServiceIT.createRepository()]]>
              </value>
            </param>
          </params>
          <reporter-output>
          </reporter-output>
        </test-method> <!-- springTestContextBeforeTestMethod -->
        <test-method status="PASS" signature="tearDummyRepository()[pri:0, instance:com.carbonldp.repository.services.LocalRepositoryServiceIT@1fa0f19]" name="tearDummyRepository" is-config="true" duration-ms="31" started-at="2014-12-10T18:54:42Z" finished-at="2014-12-10T18:54:42Z">
          <reporter-output>
          </reporter-output>
        </test-method> <!-- tearDummyRepository -->
        <test-method status="PASS" signature="springTestContextAfterTestMethod(java.lang.reflect.Method)[pri:0, instance:com.carbonldp.repository.services.LocalRepositoryServiceIT@1fa0f19]" name="springTestContextAfterTestMethod" is-config="true" duration-ms="0" started-at="2014-12-10T18:54:42Z" finished-at="2014-12-10T18:54:42Z">
          <params>
            <param index="0">
              <value>
                <![CDATA[public void com.carbonldp.repository.services.LocalRepositoryServiceIT.createRepository()]]>
              </value>
            </param>
          </params>
          <reporter-output>
          </reporter-output>
        </test-method> <!-- springTestContextAfterTestMethod -->
        <test-method status="PASS" signature="springTestContextBeforeTestMethod(java.lang.reflect.Method)[pri:0, instance:com.carbonldp.repository.services.LocalRepositoryServiceIT@1fa0f19]" name="springTestContextBeforeTestMethod" is-config="true" duration-ms="0" started-at="2014-12-10T18:54:42Z" finished-at="2014-12-10T18:54:42Z">
          <params>
            <param index="0">
              <value>
                <![CDATA[public void com.carbonldp.repository.services.LocalRepositoryServiceIT.deleteRepository()]]>
              </value>
            </param>
          </params>
          <reporter-output>
          </reporter-output>
        </test-method> <!-- springTestContextBeforeTestMethod -->
        <test-method status="PASS" signature="deleteRepository()[pri:0, instance:com.carbonldp.repository.services.LocalRepositoryServiceIT@1fa0f19]" name="deleteRepository" duration-ms="31" started-at="2014-12-10T18:54:42Z" finished-at="2014-12-10T18:54:42Z">
          <reporter-output>
          </reporter-output>
        </test-method> <!-- deleteRepository -->
        <test-method status="PASS" signature="springTestContextBeforeTestMethod(java.lang.reflect.Method)[pri:0, instance:com.carbonldp.repository.services.LocalRepositoryServiceIT@1fa0f19]" name="springTestContextBeforeTestMethod" is-config="true" duration-ms="0" started-at="2014-12-10T18:54:42Z" finished-at="2014-12-10T18:54:42Z">
          <params>
            <param index="0">
              <value>
                <![CDATA[public void com.carbonldp.repository.services.LocalRepositoryServiceIT.getReadTransactionTemplate()]]>
              </value>
            </param>
          </params>
          <reporter-output>
          </reporter-output>
        </test-method> <!-- springTestContextBeforeTestMethod -->
        <test-method status="PASS" signature="tearDummyRepository()[pri:0, instance:com.carbonldp.repository.services.LocalRepositoryServiceIT@1fa0f19]" name="tearDummyRepository" is-config="true" duration-ms="0" started-at="2014-12-10T18:54:42Z" finished-at="2014-12-10T18:54:42Z">
          <reporter-output>
          </reporter-output>
        </test-method> <!-- tearDummyRepository -->
        <test-method status="PASS" signature="getReadTransactionTemplate()[pri:0, instance:com.carbonldp.repository.services.LocalRepositoryServiceIT@1fa0f19]" name="getReadTransactionTemplate" duration-ms="0" started-at="2014-12-10T18:54:42Z" finished-at="2014-12-10T18:54:42Z">
          <reporter-output>
          </reporter-output>
        </test-method> <!-- getReadTransactionTemplate -->
        <test-method status="PASS" signature="springTestContextAfterTestMethod(java.lang.reflect.Method)[pri:0, instance:com.carbonldp.repository.services.LocalRepositoryServiceIT@1fa0f19]" name="springTestContextAfterTestMethod" is-config="true" duration-ms="0" started-at="2014-12-10T18:54:42Z" finished-at="2014-12-10T18:54:42Z">
          <params>
            <param index="0">
              <value>
                <![CDATA[public void com.carbonldp.repository.services.LocalRepositoryServiceIT.deleteRepository()]]>
              </value>
            </param>
          </params>
          <reporter-output>
          </reporter-output>
        </test-method> <!-- springTestContextAfterTestMethod -->
        <test-method status="PASS" signature="getWriteTransactionTemplate()[pri:0, instance:com.carbonldp.repository.services.LocalRepositoryServiceIT@1fa0f19]" name="getWriteTransactionTemplate" duration-ms="0" started-at="2014-12-10T18:54:42Z" finished-at="2014-12-10T18:54:42Z">
          <reporter-output>
          </reporter-output>
        </test-method> <!-- getWriteTransactionTemplate -->
        <test-method status="PASS" signature="springTestContextAfterTestMethod(java.lang.reflect.Method)[pri:0, instance:com.carbonldp.repository.services.LocalRepositoryServiceIT@1fa0f19]" name="springTestContextAfterTestMethod" is-config="true" duration-ms="0" started-at="2014-12-10T18:54:42Z" finished-at="2014-12-10T18:54:42Z">
          <params>
            <param index="0">
              <value>
                <![CDATA[public void com.carbonldp.repository.services.LocalRepositoryServiceIT.getWriteTransactionTemplate()]]>
              </value>
            </param>
          </params>
          <reporter-output>
          </reporter-output>
        </test-method> <!-- springTestContextAfterTestMethod -->
        <test-method status="PASS" signature="springTestContextAfterTestMethod(java.lang.reflect.Method)[pri:0, instance:com.carbonldp.repository.services.LocalRepositoryServiceIT@1fa0f19]" name="springTestContextAfterTestMethod" is-config="true" duration-ms="0" started-at="2014-12-10T18:54:42Z" finished-at="2014-12-10T18:54:42Z">
          <params>
            <param index="0">
              <value>
                <![CDATA[public void com.carbonldp.repository.services.LocalRepositoryServiceIT.getReadTransactionTemplate()]]>
              </value>
            </param>
          </params>
          <reporter-output>
          </reporter-output>
        </test-method> <!-- springTestContextAfterTestMethod -->
        <test-method status="PASS" signature="springTestContextAfterTestClass()[pri:0, instance:com.carbonldp.repository.services.LocalRepositoryServiceIT@1fa0f19]" name="springTestContextAfterTestClass" is-config="true" duration-ms="0" started-at="2014-12-10T18:54:42Z" finished-at="2014-12-10T18:54:42Z">
          <reporter-output>
          </reporter-output>
        </test-method> <!-- springTestContextAfterTestClass -->
        <test-method status="PASS" signature="tearDummyRepository()[pri:0, instance:com.carbonldp.repository.services.LocalRepositoryServiceIT@1fa0f19]" name="tearDummyRepository" is-config="true" duration-ms="0" started-at="2014-12-10T18:54:42Z" finished-at="2014-12-10T18:54:42Z">
          <reporter-output>
          </reporter-output>
        </test-method> <!-- tearDummyRepository -->
        <test-method status="PASS" signature="repositoryExists()[pri:0, instance:com.carbonldp.repository.services.LocalRepositoryServiceIT@1fa0f19]" name="repositoryExists" duration-ms="0" started-at="2014-12-10T18:54:42Z" finished-at="2014-12-10T18:54:42Z">
          <reporter-output>
          </reporter-output>
        </test-method> <!-- repositoryExists -->
        <test-method status="PASS" signature="springTestContextBeforeTestMethod(java.lang.reflect.Method)[pri:0, instance:com.carbonldp.repository.services.LocalRepositoryServiceIT@1fa0f19]" name="springTestContextBeforeTestMethod" is-config="true" duration-ms="0" started-at="2014-12-10T18:54:42Z" finished-at="2014-12-10T18:54:42Z">
          <params>
            <param index="0">
              <value>
                <![CDATA[public void com.carbonldp.repository.services.LocalRepositoryServiceIT.getWriteTransactionTemplate()]]>
              </value>
            </param>
          </params>
          <reporter-output>
          </reporter-output>
        </test-method> <!-- springTestContextBeforeTestMethod -->
        <test-method status="PASS" signature="springTestContextAfterTestMethod(java.lang.reflect.Method)[pri:0, instance:com.carbonldp.repository.services.LocalRepositoryServiceIT@1fa0f19]" name="springTestContextAfterTestMethod" is-config="true" duration-ms="0" started-at="2014-12-10T18:54:42Z" finished-at="2014-12-10T18:54:42Z">
          <params>
            <param index="0">
              <value>
                <![CDATA[public void com.carbonldp.repository.services.LocalRepositoryServiceIT.repositoryExists()]]>
              </value>
            </param>
          </params>
          <reporter-output>
          </reporter-output>
        </test-method> <!-- springTestContextAfterTestMethod -->
        <test-method status="PASS" signature="springTestContextBeforeTestMethod(java.lang.reflect.Method)[pri:0, instance:com.carbonldp.repository.services.LocalRepositoryServiceIT@1fa0f19]" name="springTestContextBeforeTestMethod" is-config="true" duration-ms="0" started-at="2014-12-10T18:54:42Z" finished-at="2014-12-10T18:54:42Z">
          <params>
            <param index="0">
              <value>
                <![CDATA[public void com.carbonldp.repository.services.LocalRepositoryServiceIT.repositoryExists()]]>
              </value>
            </param>
          </params>
          <reporter-output>
          </reporter-output>
        </test-method> <!-- springTestContextBeforeTestMethod -->
        <test-method status="PASS" signature="tearDummyRepository()[pri:0, instance:com.carbonldp.repository.services.LocalRepositoryServiceIT@1fa0f19]" name="tearDummyRepository" is-config="true" duration-ms="0" started-at="2014-12-10T18:54:42Z" finished-at="2014-12-10T18:54:42Z">
          <reporter-output>
          </reporter-output>
        </test-method> <!-- tearDummyRepository -->
      </class> <!-- com.carbonldp.repository.services.LocalRepositoryServiceIT -->
    </test> <!-- Default test -->
  </suite> <!-- Default suite -->
</testng-results>
